Running: C:\Xilinx\12.3\ISE_DS\ISE\bin\nt64\unwrapped\fuse.exe -intstyle ise -incremental -o C:/ALU/ALU_tb_vhd_isim_beh.exe -prj C:/ALU/ALU_tb_vhd_beh.prj work.ALU_tb_vhd 
ISim M.70d (signature 0x16fbe694)
Number of CPUs detected in this system: 1
Turning on mult-threading, number of parallel sub-compilation jobs: 0 
Determining compilation order of HDL files
Parsing VHDL file "C:/ALU/ALU.vhd" into library work
Parsing VHDL file "C:/ALU/ALU_tb.vhd" into library work
Starting static elaboration
Completed static elaboration
Using precompiled package standard from library std
Using precompiled package std_logic_1164 from library ieee
Using precompiled package std_logic_arith from library ieee
Using precompiled package std_logic_unsigned from library ieee
Using precompiled package numeric_std from library ieee
Compiling architecture behavioral of entity alu [alu_default]
Compiling architecture behavior of entity alu_tb_vhd
Time Resolution for simulation is 1ps.
Compiled 8 VHDL Units
Built simulation executable C:/ALU/ALU_tb_vhd_isim_beh.exe
Fuse Memory Usage: 19104 KB
Fuse CPU Usage: 406 ms
